This is XeTeX, Version 3.14159265-2.6-0.999992 (TeX Live 2020/W32TeX) (preloaded format=xelatex 2020.6.17)  29 JUN 2020 13:40
entering extended mode
 restricted \write18 enabled.
 %&-line parsing enabled.
**fmax.tex
(./fmax.tex
LaTeX2e <2020-02-02> patch level 5
L3 programming layer <2020-06-03>
(d:/Users/Masumbuko.Semba/AppData/Roaming/TinyTeX/texmf-dist/tex/latex/base/art
icle.cls
Document Class: article 2019/12/20 v1.4l Standard LaTeX document class

(d:/Users/Masumbuko.Semba/AppData/Roaming/TinyTeX/texmf-dist/tex/latex/base/siz
e12.clo
File: size12.clo 2019/12/20 v1.4l Standard LaTeX file (size option)
)
\c@part=\count163
\c@section=\count164
\c@subsection=\count165
\c@subsubsection=\count166
\c@paragraph=\count167
\c@subparagraph=\count168
\c@figure=\count169
\c@table=\count170
\abovecaptionskip=\skip47
\belowcaptionskip=\skip48
\bibindent=\dimen134
)
(d:/Users/Masumbuko.Semba/AppData/Roaming/TinyTeX/texmf-dist/tex/latex/lm/lmode
rn.sty
Package: lmodern 2009/10/30 v1.6 Latin Modern Fonts
LaTeX Font Info:    Overwriting symbol font `operators' in version `normal'
(Font)                  OT1/cmr/m/n --> OT1/lmr/m/n on input line 22.
LaTeX Font Info:    Overwriting symbol font `letters' in version `normal'
(Font)                  OML/cmm/m/it --> OML/lmm/m/it on input line 23.
LaTeX Font Info:    Overwriting symbol font `symbols' in version `normal'
(Font)                  OMS/cmsy/m/n --> OMS/lmsy/m/n on input line 24.
LaTeX Font Info:    Overwriting symbol font `largesymbols' in version `normal'
(Font)                  OMX/cmex/m/n --> OMX/lmex/m/n on input line 25.
LaTeX Font Info:    Overwriting symbol font `operators' in version `bold'
(Font)                  OT1/cmr/bx/n --> OT1/lmr/bx/n on input line 26.
LaTeX Font Info:    Overwriting symbol font `letters' in version `bold'
(Font)                  OML/cmm/b/it --> OML/lmm/b/it on input line 27.
LaTeX Font Info:    Overwriting symbol font `symbols' in version `bold'
(Font)                  OMS/cmsy/b/n --> OMS/lmsy/b/n on input line 28.
LaTeX Font Info:    Overwriting symbol font `largesymbols' in version `bold'
(Font)                  OMX/cmex/m/n --> OMX/lmex/m/n on input line 29.
LaTeX Font Info:    Overwriting math alphabet `\mathbf' in version `normal'
(Font)                  OT1/cmr/bx/n --> OT1/lmr/bx/n on input line 31.
LaTeX Font Info:    Overwriting math alphabet `\mathsf' in version `normal'
(Font)                  OT1/cmss/m/n --> OT1/lmss/m/n on input line 32.
LaTeX Font Info:    Overwriting math alphabet `\mathit' in version `normal'
(Font)                  OT1/cmr/m/it --> OT1/lmr/m/it on input line 33.
LaTeX Font Info:    Overwriting math alphabet `\mathtt' in version `normal'
(Font)                  OT1/cmtt/m/n --> OT1/lmtt/m/n on input line 34.
LaTeX Font Info:    Overwriting math alphabet `\mathbf' in version `bold'
(Font)                  OT1/cmr/bx/n --> OT1/lmr/bx/n on input line 35.
LaTeX Font Info:    Overwriting math alphabet `\mathsf' in version `bold'
(Font)                  OT1/cmss/bx/n --> OT1/lmss/bx/n on input line 36.
LaTeX Font Info:    Overwriting math alphabet `\mathit' in version `bold'
(Font)                  OT1/cmr/bx/it --> OT1/lmr/bx/it on input line 37.
LaTeX Font Info:    Overwriting math alphabet `\mathtt' in version `bold'
(Font)                  OT1/cmtt/m/n --> OT1/lmtt/m/n on input line 38.
)
(d:/Users/Masumbuko.Semba/AppData/Roaming/TinyTeX/texmf-dist/tex/latex/setspace
/setspace.sty
Package: setspace 2011/12/19 v6.7a set line spacing
)
(d:/Users/Masumbuko.Semba/AppData/Roaming/TinyTeX/texmf-dist/tex/latex/amsfonts
/amssymb.sty
Package: amssymb 2013/01/14 v3.01 AMS font symbols

(d:/Users/Masumbuko.Semba/AppData/Roaming/TinyTeX/texmf-dist/tex/latex/amsfonts
/amsfonts.sty
Package: amsfonts 2013/01/14 v3.01 Basic AMSFonts support
\@emptytoks=\toks15
\symAMSa=\mathgroup4
\symAMSb=\mathgroup5
LaTeX Font Info:    Redeclaring math symbol \hbar on input line 98.
LaTeX Font Info:    Overwriting math alphabet `\mathfrak' in version `bold'
(Font)                  U/euf/m/n --> U/euf/b/n on input line 106.
))
(d:/Users/Masumbuko.Semba/AppData/Roaming/TinyTeX/texmf-dist/tex/latex/amsmath/
amsmath.sty
Package: amsmath 2020/01/20 v2.17e AMS math features
\@mathmargin=\skip49
For additional information on amsmath, use the `?' option.

(d:/Users/Masumbuko.Semba/AppData/Roaming/TinyTeX/texmf-dist/tex/latex/amsmath/
amstext.sty
Package: amstext 2000/06/29 v2.01 AMS text

(d:/Users/Masumbuko.Semba/AppData/Roaming/TinyTeX/texmf-dist/tex/latex/amsmath/
amsgen.sty
File: amsgen.sty 1999/11/30 v2.0 generic functions
\@emptytoks=\toks16
\ex@=\dimen135
))
(d:/Users/Masumbuko.Semba/AppData/Roaming/TinyTeX/texmf-dist/tex/latex/amsmath/
amsbsy.sty
Package: amsbsy 1999/11/29 v1.2d Bold Symbols
\pmbraise@=\dimen136
)
(d:/Users/Masumbuko.Semba/AppData/Roaming/TinyTeX/texmf-dist/tex/latex/amsmath/
amsopn.sty
Package: amsopn 2016/03/08 v2.02 operator names
)
\inf@bad=\count171
LaTeX Info: Redefining \frac on input line 227.
\uproot@=\count172
\leftroot@=\count173
LaTeX Info: Redefining \overline on input line 389.
\classnum@=\count174
\DOTSCASE@=\count175
LaTeX Info: Redefining \ldots on input line 486.
LaTeX Info: Redefining \dots on input line 489.
LaTeX Info: Redefining \cdots on input line 610.
\Mathstrutbox@=\box45
\strutbox@=\box46
\big@size=\dimen137
LaTeX Font Info:    Redeclaring font encoding OML on input line 733.
LaTeX Font Info:    Redeclaring font encoding OMS on input line 734.
\macc@depth=\count176
\c@MaxMatrixCols=\count177
\dotsspace@=\muskip16
\c@parentequation=\count178
\dspbrk@lvl=\count179
\tag@help=\toks17
\row@=\count180
\column@=\count181
\maxfields@=\count182
\andhelp@=\toks18
\eqnshift@=\dimen138
\alignsep@=\dimen139
\tagshift@=\dimen140
\tagwidth@=\dimen141
\totwidth@=\dimen142
\lineht@=\dimen143
\@envbody=\toks19
\multlinegap=\skip50
\multlinetaggap=\skip51
\mathdisplay@stack=\toks20
LaTeX Info: Redefining \[ on input line 2859.
LaTeX Info: Redefining \] on input line 2860.
)
(d:/Users/Masumbuko.Semba/AppData/Roaming/TinyTeX/texmf-dist/tex/generic/iftex/
ifxetex.sty
Package: ifxetex 2019/10/25 v0.7 ifxetex legacy package. Use iftex instead.

(d:/Users/Masumbuko.Semba/AppData/Roaming/TinyTeX/texmf-dist/tex/generic/iftex/
iftex.sty
Package: iftex 2020/03/06 v1.0d TeX engine tests
))
(d:/Users/Masumbuko.Semba/AppData/Roaming/TinyTeX/texmf-dist/tex/generic/iftex/
ifluatex.sty
Package: ifluatex 2019/10/25 v1.5 ifluatex legacy package. Use iftex instead.
)
(d:/Users/Masumbuko.Semba/AppData/Roaming/TinyTeX/texmf-dist/tex/latex/unicode-
math/unicode-math.sty
(d:/Users/Masumbuko.Semba/AppData/Roaming/TinyTeX/texmf-dist/tex/latex/l3kernel
/expl3.sty
Package: expl3 2020-06-03 L3 programming layer (loader) 

(d:/Users/Masumbuko.Semba/AppData/Roaming/TinyTeX/texmf-dist/tex/latex/l3backen
d/l3backend-xdvipdfmx.def
File: l3backend-xdvipdfmx.def 2020-06-03 L3 backend support: xdvipdfmx
\g__graphics_track_int=\count183
\l__pdf_internal_box=\box47
\g__pdf_backend_object_int=\count184
\g__pdf_backend_annotation_int=\count185
))
Package: unicode-math 2020/01/31 v0.8q Unicode maths in XeLaTeX and LuaLaTeX

(d:/Users/Masumbuko.Semba/AppData/Roaming/TinyTeX/texmf-dist/tex/latex/unicode-
math/unicode-math-xetex.sty
Package: unicode-math-xetex 2020/01/31 v0.8q Unicode maths in XeLaTeX and LuaLa
TeX

(d:/Users/Masumbuko.Semba/AppData/Roaming/TinyTeX/texmf-dist/tex/latex/l3packag
es/xparse/xparse.sty
Package: xparse 2020-05-15 L3 Experimental document command parser

(d:/Users/Masumbuko.Semba/AppData/Roaming/TinyTeX/texmf-dist/tex/latex/l3packag
es/xparse/xparse-generic.tex
\l__xparse_current_arg_int=\count186
\g__xparse_grabber_int=\count187
\l__xparse_m_args_int=\count188
\l__xparse_v_nesting_int=\count189
))
(d:/Users/Masumbuko.Semba/AppData/Roaming/TinyTeX/texmf-dist/tex/latex/l3packag
es/l3keys2e/l3keys2e.sty
Package: l3keys2e 2020-05-15 LaTeX2e option processing using LaTeX3 keys
)
(d:/Users/Masumbuko.Semba/AppData/Roaming/TinyTeX/texmf-dist/tex/latex/fontspec
/fontspec.sty
Package: fontspec 2020/02/21 v2.7i Font selection for XeLaTeX and LuaLaTeX

(d:/Users/Masumbuko.Semba/AppData/Roaming/TinyTeX/texmf-dist/tex/latex/fontspec
/fontspec-xetex.sty
Package: fontspec-xetex 2020/02/21 v2.7i Font selection for XeLaTeX and LuaLaTe
X
\l__fontspec_script_int=\count190
\l__fontspec_language_int=\count191
\l__fontspec_strnum_int=\count192
\l__fontspec_tmp_int=\count193
\l__fontspec_tmpa_int=\count194
\l__fontspec_tmpb_int=\count195
\l__fontspec_tmpc_int=\count196
\l__fontspec_em_int=\count197
\l__fontspec_emdef_int=\count198
\l__fontspec_strong_int=\count199
\l__fontspec_strongdef_int=\count266
\l__fontspec_tmpa_dim=\dimen144
\l__fontspec_tmpb_dim=\dimen145
\l__fontspec_tmpc_dim=\dimen146

(d:/Users/Masumbuko.Semba/AppData/Roaming/TinyTeX/texmf-dist/tex/latex/base/fon
tenc.sty
Package: fontenc 2020/02/11 v2.0o Standard LaTeX package
)
(d:/Users/Masumbuko.Semba/AppData/Roaming/TinyTeX/texmf-dist/tex/latex/fontspec
/fontspec.cfg)))
(d:/Users/Masumbuko.Semba/AppData/Roaming/TinyTeX/texmf-dist/tex/latex/base/fix
-cm.sty
Package: fix-cm 2015/01/14 v1.1t fixes to LaTeX

(d:/Users/Masumbuko.Semba/AppData/Roaming/TinyTeX/texmf-dist/tex/latex/base/ts1
enc.def
File: ts1enc.def 2001/06/05 v3.0e (jk/car/fm) Standard LaTeX file
LaTeX Font Info:    Redeclaring font encoding TS1 on input line 47.
))
\g__um_fam_int=\count267
\g__um_fonts_used_int=\count268
\l__um_primecount_int=\count269
\g__um_primekern_muskip=\muskip17

(d:/Users/Masumbuko.Semba/AppData/Roaming/TinyTeX/texmf-dist/tex/latex/unicode-
math/unicode-math-table.tex)))
(d:/Users/Masumbuko.Semba/AppData/Roaming/TinyTeX/texmf-dist/tex/latex/upquote/
upquote.sty
Package: upquote 2012/04/19 v1.3 upright-quote and grave-accent glyphs in verba
tim

(d:/Users/Masumbuko.Semba/AppData/Roaming/TinyTeX/texmf-dist/tex/latex/base/tex
tcomp.sty
Package: textcomp 2020/02/02 v2.0n Standard LaTeX package
))
(d:/Users/Masumbuko.Semba/AppData/Roaming/TinyTeX/texmf-dist/tex/latex/xcolor/x
color.sty
Package: xcolor 2016/05/11 v2.12 LaTeX color extensions (UK)

(d:/Users/Masumbuko.Semba/AppData/Roaming/TinyTeX/texmf-dist/tex/latex/graphics
-cfg/color.cfg
File: color.cfg 2016/01/02 v1.6 sample color configuration
)
Package xcolor Info: Driver file: xetex.def on input line 225.

(d:/Users/Masumbuko.Semba/AppData/Roaming/TinyTeX/texmf-dist/tex/latex/graphics
-def/xetex.def
File: xetex.def 2017/06/24 v5.0h Graphics/color driver for xetex
)
Package xcolor Info: Model `cmy' substituted by `cmy0' on input line 1348.
Package xcolor Info: Model `RGB' extended on input line 1364.
Package xcolor Info: Model `HTML' substituted by `rgb' on input line 1366.
Package xcolor Info: Model `Hsb' substituted by `hsb' on input line 1367.
Package xcolor Info: Model `tHsb' substituted by `hsb' on input line 1368.
Package xcolor Info: Model `HSB' substituted by `hsb' on input line 1369.
Package xcolor Info: Model `Gray' substituted by `gray' on input line 1370.
Package xcolor Info: Model `wave' substituted by `hsb' on input line 1371.
)
(d:/Users/Masumbuko.Semba/AppData/Roaming/TinyTeX/texmf-dist/tex/latex/hyperref
/hyperref.sty
Package: hyperref 2020-05-15 v7.00e Hypertext links for LaTeX

(d:/Users/Masumbuko.Semba/AppData/Roaming/TinyTeX/texmf-dist/tex/generic/ltxcmd
s/ltxcmds.sty
Package: ltxcmds 2019/12/15 v1.24 LaTeX kernel commands for general use (HO)
)
(d:/Users/Masumbuko.Semba/AppData/Roaming/TinyTeX/texmf-dist/tex/latex/pdftexcm
ds/pdftexcmds.sty
Package: pdftexcmds 2020-06-04 v0.32 Utility functions of pdfTeX for LuaTeX (HO
)

(d:/Users/Masumbuko.Semba/AppData/Roaming/TinyTeX/texmf-dist/tex/generic/infwar
err/infwarerr.sty
Package: infwarerr 2019/12/03 v1.5 Providing info/warning/error messages (HO)
)
Package pdftexcmds Info: \pdf@primitive is available.
Package pdftexcmds Info: \pdf@ifprimitive is available.
Package pdftexcmds Info: \pdfdraftmode not found.
)
(d:/Users/Masumbuko.Semba/AppData/Roaming/TinyTeX/texmf-dist/tex/latex/graphics
/keyval.sty
Package: keyval 2014/10/28 v1.15 key=value parser (DPC)
\KV@toks@=\toks21
)
(d:/Users/Masumbuko.Semba/AppData/Roaming/TinyTeX/texmf-dist/tex/generic/kvsetk
eys/kvsetkeys.sty
Package: kvsetkeys 2019/12/15 v1.18 Key value parser (HO)
)
(d:/Users/Masumbuko.Semba/AppData/Roaming/TinyTeX/texmf-dist/tex/generic/kvdefi
nekeys/kvdefinekeys.sty
Package: kvdefinekeys 2019-12-19 v1.6 Define keys (HO)
)
(d:/Users/Masumbuko.Semba/AppData/Roaming/TinyTeX/texmf-dist/tex/generic/pdfesc
ape/pdfescape.sty
Package: pdfescape 2019/12/09 v1.15 Implements pdfTeX's escape features (HO)
)
(d:/Users/Masumbuko.Semba/AppData/Roaming/TinyTeX/texmf-dist/tex/latex/hycolor/
hycolor.sty
Package: hycolor 2020-01-27 v1.10 Color options for hyperref/bookmark (HO)
)
(d:/Users/Masumbuko.Semba/AppData/Roaming/TinyTeX/texmf-dist/tex/latex/letltxma
cro/letltxmacro.sty
Package: letltxmacro 2019/12/03 v1.6 Let assignment for LaTeX macros (HO)
)
(d:/Users/Masumbuko.Semba/AppData/Roaming/TinyTeX/texmf-dist/tex/latex/auxhook/
auxhook.sty
Package: auxhook 2019-12-17 v1.6 Hooks for auxiliary files (HO)
)
(d:/Users/Masumbuko.Semba/AppData/Roaming/TinyTeX/texmf-dist/tex/latex/kvoption
s/kvoptions.sty
Package: kvoptions 2019/11/29 v3.13 Key value format for package options (HO)
)
\@linkdim=\dimen147
\Hy@linkcounter=\count270
\Hy@pagecounter=\count271

(d:/Users/Masumbuko.Semba/AppData/Roaming/TinyTeX/texmf-dist/tex/latex/hyperref
/pd1enc.def
File: pd1enc.def 2020-05-15 v7.00e Hyperref: PDFDocEncoding definition (HO)
)
(d:/Users/Masumbuko.Semba/AppData/Roaming/TinyTeX/texmf-dist/tex/generic/intcal
c/intcalc.sty
Package: intcalc 2019/12/15 v1.3 Expandable calculations with integers (HO)
)
(d:/Users/Masumbuko.Semba/AppData/Roaming/TinyTeX/texmf-dist/tex/generic/etexcm
ds/etexcmds.sty
Package: etexcmds 2019/12/15 v1.7 Avoid name clashes with e-TeX commands (HO)
)
\Hy@SavedSpaceFactor=\count272
Package hyperref Info: Option `unicode' set `true' on input line 4338.

(d:/Users/Masumbuko.Semba/AppData/Roaming/TinyTeX/texmf-dist/tex/latex/hyperref
/puenc.def
File: puenc.def 2020-05-15 v7.00e Hyperref: PDF Unicode definition (HO)
)
Package hyperref Info: Hyper figures OFF on input line 4464.
Package hyperref Info: Link nesting OFF on input line 4469.
Package hyperref Info: Hyper index ON on input line 4472.
Package hyperref Info: Plain pages OFF on input line 4479.
Package hyperref Info: Backreferencing OFF on input line 4484.
Package hyperref Info: Implicit mode ON; LaTeX internals redefined.
Package hyperref Info: Bookmarks ON on input line 4717.
\c@Hy@tempcnt=\count273

(d:/Users/Masumbuko.Semba/AppData/Roaming/TinyTeX/texmf-dist/tex/latex/url/url.
sty
\Urlmuskip=\muskip18
Package: url 2013/09/16  ver 3.4  Verb mode for urls, etc.
)
LaTeX Info: Redefining \url on input line 5076.
\XeTeXLinkMargin=\dimen148

(d:/Users/Masumbuko.Semba/AppData/Roaming/TinyTeX/texmf-dist/tex/generic/bitset
/bitset.sty
Package: bitset 2019/12/09 v1.3 Handle bit-vector datatype (HO)

(d:/Users/Masumbuko.Semba/AppData/Roaming/TinyTeX/texmf-dist/tex/generic/bigint
calc/bigintcalc.sty
Package: bigintcalc 2019/12/15 v1.5 Expandable calculations on big integers (HO
)
))
\Fld@menulength=\count274
\Field@Width=\dimen149
\Fld@charsize=\dimen150
Package hyperref Info: Hyper figures OFF on input line 6347.
Package hyperref Info: Link nesting OFF on input line 6352.
Package hyperref Info: Hyper index ON on input line 6355.
Package hyperref Info: backreferencing OFF on input line 6362.
Package hyperref Info: Link coloring OFF on input line 6367.
Package hyperref Info: Link coloring with OCG OFF on input line 6372.
Package hyperref Info: PDF/A mode OFF on input line 6377.
LaTeX Info: Redefining \ref on input line 6417.
LaTeX Info: Redefining \pageref on input line 6421.

(d:/Users/Masumbuko.Semba/AppData/Roaming/TinyTeX/texmf-dist/tex/generic/atbegs
hi/atbegshi.sty
Package: atbegshi 2019/12/05 v1.19 At begin shipout hook (HO)
)
\Hy@abspage=\count275
\c@Item=\count276
\c@Hfootnote=\count277
)
Package hyperref Info: Driver (autodetected): hxetex.

(d:/Users/Masumbuko.Semba/AppData/Roaming/TinyTeX/texmf-dist/tex/latex/hyperref
/hxetex.def
File: hxetex.def 2020-05-15 v7.00e Hyperref driver for XeTeX

(d:/Users/Masumbuko.Semba/AppData/Roaming/TinyTeX/texmf-dist/tex/generic/string
enc/stringenc.sty
Package: stringenc 2019/11/29 v1.12 Convert strings between diff. encodings (HO
)
)
\pdfm@box=\box48
\c@Hy@AnnotLevel=\count278
\HyField@AnnotCount=\count279
\Fld@listcount=\count280
\c@bookmark@seq@number=\count281

(d:/Users/Masumbuko.Semba/AppData/Roaming/TinyTeX/texmf-dist/tex/latex/rerunfil
echeck/rerunfilecheck.sty
Package: rerunfilecheck 2019/12/05 v1.9 Rerun checks for auxiliary files (HO)

(d:/Users/Masumbuko.Semba/AppData/Roaming/TinyTeX/texmf-dist/tex/latex/atveryen
d/atveryend.sty
Package: atveryend 2019-12-11 v1.11 Hooks at the very end of document (HO)
Package atveryend Info: \enddocument detected (standard20110627).
)
(d:/Users/Masumbuko.Semba/AppData/Roaming/TinyTeX/texmf-dist/tex/generic/unique
counter/uniquecounter.sty
Package: uniquecounter 2019/12/15 v1.4 Provide unlimited unique counter (HO)
)
Package uniquecounter Info: New unique counter `rerunfilecheck' on input line 2
86.
)
\Hy@SectionHShift=\skip52
)
(d:/Users/Masumbuko.Semba/AppData/Roaming/TinyTeX/texmf-dist/tex/latex/geometry
/geometry.sty
Package: geometry 2020/01/02 v5.9 Page Geometry

(d:/Users/Masumbuko.Semba/AppData/Roaming/TinyTeX/texmf-dist/tex/generic/iftex/
ifvtex.sty
Package: ifvtex 2019/10/25 v1.7 ifvtex legacy package. Use iftex instead.
)
\Gm@cnth=\count282
\Gm@cntv=\count283
\c@Gm@tempcnt=\count284
\Gm@bindingoffset=\dimen151
\Gm@wd@mp=\dimen152
\Gm@odd@mp=\dimen153
\Gm@even@mp=\dimen154
\Gm@layoutwidth=\dimen155
\Gm@layoutheight=\dimen156
\Gm@layouthoffset=\dimen157
\Gm@layoutvoffset=\dimen158
\Gm@dimlist=\toks22
)
(d:/Users/Masumbuko.Semba/AppData/Roaming/TinyTeX/texmf-dist/tex/latex/tools/lo
ngtable.sty
Package: longtable 2020/01/07 v4.13 Multi-page Table package (DPC)
\LTleft=\skip53
\LTright=\skip54
\LTpre=\skip55
\LTpost=\skip56
\LTchunksize=\count285
\LTcapwidth=\dimen159
\LT@head=\box49
\LT@firsthead=\box50
\LT@foot=\box51
\LT@lastfoot=\box52
\LT@cols=\count286
\LT@rows=\count287
\c@LT@tables=\count288
\c@LT@chunks=\count289
\LT@p@ftn=\toks23
)
(d:/Users/Masumbuko.Semba/AppData/Roaming/TinyTeX/texmf-dist/tex/latex/booktabs
/booktabs.sty
Package: booktabs 2020/01/12 v1.61803398 Publication quality tables
\heavyrulewidth=\dimen160
\lightrulewidth=\dimen161
\cmidrulewidth=\dimen162
\belowrulesep=\dimen163
\belowbottomsep=\dimen164
\aboverulesep=\dimen165
\abovetopsep=\dimen166
\cmidrulesep=\dimen167
\cmidrulekern=\dimen168
\defaultaddspace=\dimen169
\@cmidla=\count290
\@cmidlb=\count291
\@aboverulesep=\dimen170
\@belowrulesep=\dimen171
\@thisruleclass=\count292
\@lastruleclass=\count293
\@thisrulewidth=\dimen172
)
(d:/Users/Masumbuko.Semba/AppData/Roaming/TinyTeX/texmf-dist/tex/latex/etoolbox
/etoolbox.sty
Package: etoolbox 2019/09/21 v2.5h e-TeX tools for LaTeX (JAW)
\etb@tempcnta=\count294
)
(d:/Users/Masumbuko.Semba/AppData/Roaming/TinyTeX/texmf-dist/tex/latex/mdwtools
/footnote.sty
Package: footnote 1997/01/28 1.13 Save footnotes around boxes
\fn@notes=\box53
\fn@width=\dimen173
)
(d:/Users/Masumbuko.Semba/AppData/Roaming/TinyTeX/texmf-dist/tex/latex/graphics
/graphicx.sty
Package: graphicx 2019/11/30 v1.2a Enhanced LaTeX Graphics (DPC,SPQR)

(d:/Users/Masumbuko.Semba/AppData/Roaming/TinyTeX/texmf-dist/tex/latex/graphics
/graphics.sty
Package: graphics 2019/11/30 v1.4a Standard LaTeX Graphics (DPC,SPQR)

(d:/Users/Masumbuko.Semba/AppData/Roaming/TinyTeX/texmf-dist/tex/latex/graphics
/trig.sty
Package: trig 2016/01/03 v1.10 sin cos tan (DPC)
)
(d:/Users/Masumbuko.Semba/AppData/Roaming/TinyTeX/texmf-dist/tex/latex/graphics
-cfg/graphics.cfg
File: graphics.cfg 2016/06/04 v1.11 sample graphics configuration
)
Package graphics Info: Driver file: xetex.def on input line 105.
)
\Gin@req@height=\dimen174
\Gin@req@width=\dimen175
)
(d:/Users/Masumbuko.Semba/AppData/Roaming/TinyTeX/texmf-dist/tex/latex/grffile/
grffile.sty
Package: grffile 2019/11/11 v2.1 Extended file name support for graphics (legac
y)
Package grffile Info: This package is an empty stub for compatibility on input 
line 40.
)
(d:/Users/Masumbuko.Semba/AppData/Roaming/TinyTeX/texmf-dist/tex/latex/float/fl
oat.sty
Package: float 2001/11/08 v1.3d Float enhancements (AL)
\c@float@type=\count295
\float@exts=\toks24
\float@box=\box54
\@float@everytoks=\toks25
\@floatcapt=\box55
)

Package fontspec Info: Adobe Caslon Pro scale = 1.041058528674628.


Package fontspec Info: Adobe Caslon Pro scale = 1.041058528674628.


Package fontspec Info: Adobe Caslon Pro scale = 1.041058528674628.


Package fontspec Info: Adobe Caslon Pro/B scale = 1.041058528674628.


Package fontspec Info: Adobe Caslon Pro/B scale = 1.041058528674628.


Package fontspec Info: Adobe Caslon Pro/I scale = 1.041058528674628.


Package fontspec Info: Adobe Caslon Pro/BI scale = 1.041058528674628.


Package fontspec Info: Font family 'AdobeCaslonPro(0)' created for font 'Adobe
(fontspec)             Caslon Pro' with options
(fontspec)             [Scale=MatchLowercase,Ligatures=TeX,Scale=1].
(fontspec)              
(fontspec)              This font family consists of the following NFSS
(fontspec)             series/shapes:
(fontspec)              
(fontspec)             - 'normal' (m/n) with NFSS spec.: <->s*[1]"Adobe Caslon
(fontspec)             Pro/OT:script=latn;language=dflt;mapping=tex-text;"
(fontspec)             - 'small caps'  (m/sc) with NFSS spec.: <->s*[1]"Adobe
(fontspec)             Caslon
(fontspec)             Pro/OT:script=latn;language=dflt;+smcp;mapping=tex-text;
"
(fontspec)             - 'bold' (b/n) with NFSS spec.: <->s*[1]"Adobe Caslon
(fontspec)             Pro/B/OT:script=latn;language=dflt;mapping=tex-text;"
(fontspec)             - 'bold small caps'  (b/sc) with NFSS spec.:
(fontspec)             <->s*[1]"Adobe Caslon
(fontspec)             Pro/B/OT:script=latn;language=dflt;+smcp;mapping=tex-tex
t;"
(fontspec)             - 'italic' (m/it) with NFSS spec.: <->s*[1]"Adobe
(fontspec)             Caslon
(fontspec)             Pro/I/OT:script=latn;language=dflt;mapping=tex-text;"
(fontspec)             - 'italic small caps'  (m/scit) with NFSS spec.: 
(fontspec)             - 'bold italic' (b/it) with NFSS spec.: <->s*[1]"Adobe
(fontspec)             Caslon
(fontspec)             Pro/BI/OT:script=latn;language=dflt;mapping=tex-text;"
(fontspec)             - 'bold italic small caps'  (b/scit) with NFSS spec.: 

LaTeX Font Info:    Font shape `TU/AdobeCaslonPro(0)/m/n' will be
(Font)              scaled to size 12.0pt on input line 85.

Package fontspec Info: Adobe Caslon Pro scale = 0.9999969285959999.


Package fontspec Info: Adobe Caslon Pro scale = 0.9999969285959999.


Package fontspec Info: Adobe Caslon Pro scale = 0.9999969285959999.


Package fontspec Info: Adobe Caslon Pro/B scale = 0.9999969285959999.


Package fontspec Info: Adobe Caslon Pro/B scale = 0.9999969285959999.


Package fontspec Info: Adobe Caslon Pro/I scale = 0.9999969285959999.


Package fontspec Info: Adobe Caslon Pro/BI scale = 0.9999969285959999.


Package fontspec Info: Font family 'AdobeCaslonPro(1)' created for font 'Adobe
(fontspec)             Caslon Pro' with options [Scale=MatchLowercase].
(fontspec)              
(fontspec)              This font family consists of the following NFSS
(fontspec)             series/shapes:
(fontspec)              
(fontspec)             - 'normal' (m/n) with NFSS spec.:
(fontspec)             <->s*[0.9999969285959999]"Adobe Caslon
(fontspec)             Pro/OT:script=latn;language=dflt;"
(fontspec)             - 'small caps'  (m/sc) with NFSS spec.:
(fontspec)             <->s*[0.9999969285959999]"Adobe Caslon
(fontspec)             Pro/OT:script=latn;language=dflt;+smcp;"
(fontspec)             - 'bold' (b/n) with NFSS spec.:
(fontspec)             <->s*[0.9999969285959999]"Adobe Caslon
(fontspec)             Pro/B/OT:script=latn;language=dflt;"
(fontspec)             - 'bold small caps'  (b/sc) with NFSS spec.:
(fontspec)             <->s*[0.9999969285959999]"Adobe Caslon
(fontspec)             Pro/B/OT:script=latn;language=dflt;+smcp;"
(fontspec)             - 'italic' (m/it) with NFSS spec.:
(fontspec)             <->s*[0.9999969285959999]"Adobe Caslon
(fontspec)             Pro/I/OT:script=latn;language=dflt;"
(fontspec)             - 'italic small caps'  (m/scit) with NFSS spec.: 
(fontspec)             - 'bold italic' (b/it) with NFSS spec.:
(fontspec)             <->s*[0.9999969285959999]"Adobe Caslon
(fontspec)             Pro/BI/OT:script=latn;language=dflt;"
(fontspec)             - 'bold italic small caps'  (b/scit) with NFSS spec.: 

LaTeX Font Info:    Overwriting math alphabet `\mathrm' in version `normal'
(Font)                  OT1/lmr/m/n --> TU/AdobeCaslonPro(1)/m/n on input line 
85.
LaTeX Font Info:    Overwriting math alphabet `\mathit' in version `normal'
(Font)                  OT1/lmr/m/it --> TU/AdobeCaslonPro(1)/m/it on input lin
e 85.
LaTeX Font Info:    Overwriting math alphabet `\mathbf' in version `normal'
(Font)                  OT1/lmr/bx/n --> TU/AdobeCaslonPro(1)/b/n on input line
 85.

(d:/Users/Masumbuko.Semba/AppData/Roaming/TinyTeX/texmf-dist/tex/latex/base/inp
utenc.sty
Package: inputenc 2018/08/11 v1.3c Input encoding file
\inpenc@prehook=\toks26
\inpenc@posthook=\toks27

Package inputenc Warning: inputenc package ignored with utf8 based engines.

)
Package hyperref Info: Option `unicode' set `true' on input line 86.

Package hyperref Warning: Option `pdfusetitle' has already been used,
(hyperref)                setting the option has no effect on input line 86.


Package hyperref Warning: Option `bookmarks' has already been used,
(hyperref)                setting the option has no effect on input line 86.

Package hyperref Info: Option `bookmarksnumbered' set `true' on input line 86.
Package hyperref Info: Option `bookmarksopen' set `true' on input line 86.
Package hyperref Info: Option `breaklinks' set `false' on input line 86.

Package hyperref Warning: Option `backref' has already been used,
(hyperref)                setting the option has no effect on input line 86.

Package hyperref Info: Option `colorlinks' set `true' on input line 86.

(d:/Users/Masumbuko.Semba/AppData/Roaming/TinyTeX/texmf-dist/tex/latex/titlecap
s/titlecaps.sty
Package: titlecaps 2015/01/30 V1.2 Routines for setting rich-text input into Ti
tling Caps

(d:/Users/Masumbuko.Semba/AppData/Roaming/TinyTeX/texmf-dist/tex/latex/ifnextok
/ifnextok.sty
Package: ifnextok 2011/06/27 v0.3 test next token (UL)
)
(d:/Users/Masumbuko.Semba/AppData/Roaming/TinyTeX/texmf-dist/tex/latex/base/ift
hen.sty
Package: ifthen 2014/09/29 v1.1c Standard LaTeX ifthen package (DPC)
)
\c@lcword@index=\count296
\c@word@count=\count297
\c@lc@words=\count298
\c@dia@count=\count299
\c@arg@@@index=\count300
)
(d:/Users/Masumbuko.Semba/AppData/Roaming/TinyTeX/texmf-dist/tex/latex/tools/ar
ray.sty
Package: array 2019/08/31 v2.4l Tabular extension package (FMi)
\col@sep=\dimen176
\ar@mcellbox=\box56
\extrarowheight=\dimen177
\NC@list=\toks28
\extratabsurround=\skip57
\backup@length=\skip58
\ar@cellbox=\box57
)
(d:/Users/Masumbuko.Semba/AppData/Roaming/TinyTeX/texmf-dist/tex/latex/multirow
/multirow.sty
Package: multirow 2019/05/31 v2.5 Span multiple rows of a table
\multirow@colwidth=\skip59
\multirow@cntb=\count301
\multirow@dima=\skip60
\bigstrutjot=\dimen178
)
(d:/Users/Masumbuko.Semba/AppData/Roaming/TinyTeX/texmf-dist/tex/latex/wrapfig/
wrapfig.sty
\wrapoverhang=\dimen179
\WF@size=\dimen180
\c@WF@wrappedlines=\count302
\WF@box=\box58
\WF@everypar=\toks29
Package: wrapfig 2003/01/31  v 3.6
)
(d:/Users/Masumbuko.Semba/AppData/Roaming/TinyTeX/texmf-dist/tex/latex/colortbl
/colortbl.sty
Package: colortbl 2020/01/04 v1.0e Color table columns (DPC)
\everycr=\toks30
\minrowclearance=\skip61
)
(d:/Users/Masumbuko.Semba/AppData/Roaming/TinyTeX/texmf-dist/tex/latex/pdflscap
e/pdflscape.sty
Package: pdflscape 2019/12/05 v0.12 Display of landscape pages in PDF (HO)

(d:/Users/Masumbuko.Semba/AppData/Roaming/TinyTeX/texmf-dist/tex/latex/graphics
/lscape.sty
Package: lscape 2000/10/22 v3.01 Landscape Pages (DPC)
)
Package pdflscape Info: Auto-detected driver: dvipdfm (xetex) on input line 98.

)
(d:/Users/Masumbuko.Semba/AppData/Roaming/TinyTeX/texmf-dist/tex/latex/tabu/tab
u.sty
Package: tabu 2019/01/11 v2.9 - flexible LaTeX tabulars (FC+tabu-fixed)

(d:/Users/Masumbuko.Semba/AppData/Roaming/TinyTeX/texmf-dist/tex/latex/varwidth
/varwidth.sty
Package: varwidth 2009/03/30 ver 0.92;  Variable-width minipages
\@vwid@box=\box59
\sift@deathcycles=\count303
\@vwid@loff=\dimen181
\@vwid@roff=\dimen182
)
\c@taburow=\count304
\tabu@nbcols=\count305
\tabu@cnt=\count306
\tabu@Xcol=\count307
\tabu@alloc=\count308
\tabu@nested=\count309
\tabu@target=\dimen183
\tabu@spreadtarget=\dimen184
\tabu@naturalX=\dimen185
\tabucolX=\dimen186
\tabu@Xsum=\dimen187
\extrarowdepth=\dimen188
\abovetabulinesep=\dimen189
\belowtabulinesep=\dimen190
\tabustrutrule=\dimen191
\tabu@thebody=\toks31
\tabu@footnotes=\toks32
\tabu@box=\box60
\tabu@arstrutbox=\box61
\tabu@hleads=\box62
\tabu@vleads=\box63
\tabu@cellskip=\skip62
)
(d:/Users/Masumbuko.Semba/AppData/Roaming/TinyTeX/texmf-dist/tex/latex/threepar
ttable/threeparttable.sty
Package: threeparttable 2003/06/13  v 3.0
\@tempboxb=\box64
)
(d:/Users/Masumbuko.Semba/AppData/Roaming/TinyTeX/texmf-dist/tex/latex/threepar
ttablex/threeparttablex.sty
Package: threeparttablex 2013/07/23 v0.3 by daleif

(d:/Users/Masumbuko.Semba/AppData/Roaming/TinyTeX/texmf-dist/tex/latex/environ/
environ.sty
Package: environ 2014/05/04 v0.3 A new way to define environments

(d:/Users/Masumbuko.Semba/AppData/Roaming/TinyTeX/texmf-dist/tex/latex/trimspac
es/trimspaces.sty
Package: trimspaces 2009/09/17 v1.1 Trim spaces around a token list
))
\TPTL@width=\skip63
)
(d:/Users/Masumbuko.Semba/AppData/Roaming/TinyTeX/texmf-dist/tex/generic/ulem/u
lem.sty
\UL@box=\box65
\UL@hyphenbox=\box66
\UL@skip=\skip64
\UL@hook=\toks33
\UL@height=\dimen192
\UL@pe=\count310
\UL@pixel=\dimen193
\ULC@box=\box67
Package: ulem 2019/11/18
\ULdepth=\dimen194
)
(d:/Users/Masumbuko.Semba/AppData/Roaming/TinyTeX/texmf-dist/tex/latex/makecell
/makecell.sty
Package: makecell 2009/08/03 V0.1e Managing of Tab Column Heads and Cells
\rotheadsize=\dimen195
\c@nlinenum=\count311
\TeXr@lab=\toks34
) (./fmax.aux)
\openout1 = `fmax.aux'.

LaTeX Font Info:    Checking defaults for OML/cmm/m/it on input line 107.
LaTeX Font Info:    ... okay on input line 107.
LaTeX Font Info:    Checking defaults for OMS/cmsy/m/n on input line 107.
LaTeX Font Info:    ... okay on input line 107.
LaTeX Font Info:    Checking defaults for OT1/cmr/m/n on input line 107.
LaTeX Font Info:    ... okay on input line 107.
LaTeX Font Info:    Checking defaults for T1/cmr/m/n on input line 107.
LaTeX Font Info:    ... okay on input line 107.
LaTeX Font Info:    Checking defaults for TS1/cmr/m/n on input line 107.
LaTeX Font Info:    ... okay on input line 107.
LaTeX Font Info:    Checking defaults for TU/lmr/m/n on input line 107.
LaTeX Font Info:    ... okay on input line 107.
LaTeX Font Info:    Checking defaults for OMX/cmex/m/n on input line 107.
LaTeX Font Info:    ... okay on input line 107.
LaTeX Font Info:    Checking defaults for U/cmr/m/n on input line 107.
LaTeX Font Info:    ... okay on input line 107.
LaTeX Font Info:    Checking defaults for PD1/pdf/m/n on input line 107.
LaTeX Font Info:    ... okay on input line 107.
LaTeX Font Info:    Checking defaults for PU/pdf/m/n on input line 107.
LaTeX Font Info:    ... okay on input line 107.
LaTeX Font Info:    Overwriting math alphabet `\mathsf' in version `normal'
(Font)                  OT1/lmss/m/n --> TU/lmss/m/n on input line 107.
LaTeX Font Info:    Overwriting math alphabet `\mathsf' in version `bold'
(Font)                  OT1/lmss/bx/n --> TU/lmss/b/n on input line 107.
LaTeX Font Info:    Overwriting math alphabet `\mathtt' in version `normal'
(Font)                  OT1/lmtt/m/n --> TU/lmtt/m/n on input line 107.
LaTeX Font Info:    Overwriting math alphabet `\mathtt' in version `bold'
(Font)                  OT1/lmtt/m/n --> TU/lmtt/b/n on input line 107.

Package fontspec Info: latinmodern-math scale = 0.960555003201034.


Package fontspec Info: latinmodern-math scale = 0.960555003201034.


Package fontspec Info: latinmodern-math scale = 0.960555003201034.


Package fontspec Info: Font family 'latinmodern-math.otf(0)' created for font
(fontspec)             'latinmodern-math.otf' with options
(fontspec)             [Scale=MatchLowercase,BoldItalicFont={},ItalicFont={},Sm
allCapsFont={},Script=Math,BoldFont={latinmodern-math.otf}].
(fontspec)              
(fontspec)              This font family consists of the following NFSS
(fontspec)             series/shapes:
(fontspec)              
(fontspec)             - 'normal' (m/n) with NFSS spec.:
(fontspec)             <->s*[0.960555003201034]"[latinmodern-math.otf]/OT:scrip
t=math;language=dflt;"
(fontspec)             - 'small caps'  (m/sc) with NFSS spec.: 
(fontspec)             - 'bold' (b/n) with NFSS spec.:
(fontspec)             <->s*[0.960555003201034]"[latinmodern-math.otf]/OT:scrip
t=math;language=dflt;"
(fontspec)             - 'bold small caps'  (b/sc) with NFSS spec.: 

LaTeX Font Info:    Font shape `TU/latinmodern-math.otf(0)/m/n' will be
(Font)              scaled to size 11.52667pt on input line 107.

Package fontspec Info: latinmodern-math scale = 0.960555003201034.


Package fontspec Info: latinmodern-math scale = 0.960555003201034.


Package fontspec Info: latinmodern-math scale = 0.960555003201034.


Package fontspec Info: latinmodern-math scale = 0.960555003201034.


Package fontspec Info: latinmodern-math scale = 0.960555003201034.


Package fontspec Info: Font family 'latinmodern-math.otf(1)' created for font
(fontspec)             'latinmodern-math.otf' with options
(fontspec)             [Scale=MatchLowercase,BoldItalicFont={},ItalicFont={},Sm
allCapsFont={},Script=Math,SizeFeatures={{Size=10.2-},{Size=7.2-10.2,Font=latin
modern-math.otf,Style=MathScript},{Size=-7.2,Font=latinmodern-math.otf,Style=Ma
thScriptScript}},BoldFont={latinmodern-math.otf}].
(fontspec)              
(fontspec)              This font family consists of the following NFSS
(fontspec)             series/shapes:
(fontspec)              
(fontspec)             - 'normal' (m/n) with NFSS spec.:
(fontspec)             <10.2->s*[0.960555003201034]"[latinmodern-math.otf]/OT:s
cript=math;language=dflt;"<7.2-10.2>s*[0.960555003201034]"[latinmodern-math.otf
]/OT:script=math;language=dflt;+ssty=0;"<-7.2>s*[0.960555003201034]"[latinmoder
n-math.otf]/OT:script=math;language=dflt;+ssty=1;"
(fontspec)             - 'small caps'  (m/sc) with NFSS spec.: 
(fontspec)             - 'bold' (b/n) with NFSS spec.:
(fontspec)             <->s*[0.960555003201034]"[latinmodern-math.otf]/OT:scrip
t=math;language=dflt;"
(fontspec)             - 'bold small caps'  (b/sc) with NFSS spec.: 

LaTeX Font Info:    Font shape `TU/latinmodern-math.otf(1)/m/n' will be
(Font)              scaled to size 11.52667pt on input line 107.
LaTeX Font Info:    Encoding `OT1' has changed to `TU' for symbol font
(Font)              `operators' in the math version `normal' on input line 107.

LaTeX Font Info:    Overwriting symbol font `operators' in version `normal'
(Font)                  OT1/lmr/m/n --> TU/latinmodern-math.otf(1)/m/n on input
 line 107.
LaTeX Font Info:    Encoding `OT1' has changed to `TU' for symbol font
(Font)              `operators' in the math version `bold' on input line 107.
LaTeX Font Info:    Overwriting symbol font `operators' in version `bold'
(Font)                  OT1/lmr/bx/n --> TU/latinmodern-math.otf(1)/b/n on inpu
t line 107.

Package fontspec Info: latinmodern-math scale = 0.960555003201034.


Package fontspec Info: latinmodern-math scale = 0.9606510587013541.


Package fontspec Info: latinmodern-math scale = 0.960555003201034.


Package fontspec Info: latinmodern-math scale = 0.9606510587013541.


Package fontspec Info: latinmodern-math scale = 0.960555003201034.


Package fontspec Info: latinmodern-math scale = 0.9606510587013541.


Package fontspec Info: latinmodern-math scale = 0.960555003201034.


Package fontspec Info: latinmodern-math scale = 0.9606510587013541.


Package fontspec Info: latinmodern-math scale = 0.960555003201034.


Package fontspec Info: latinmodern-math scale = 0.9606510587013541.


Package fontspec Info: Font family 'latinmodern-math.otf(2)' created for font
(fontspec)             'latinmodern-math.otf' with options
(fontspec)             [Scale=MatchLowercase,BoldItalicFont={},ItalicFont={},Sm
allCapsFont={},Script=Math,SizeFeatures={{Size=10.2-},{Size=7.2-10.2,Font=latin
modern-math.otf,Style=MathScript},{Size=-7.2,Font=latinmodern-math.otf,Style=Ma
thScriptScript}},BoldFont={latinmodern-math.otf},ScaleAgain=1.0001,FontAdjustme
nt={\fontdimen
(fontspec)             8\font =7.80356pt\relax \fontdimen 9\font
(fontspec)             =4.5415pt\relax \fontdimen 10\font =5.11784pt\relax
(fontspec)             \fontdimen 11\font =7.9073pt\relax \fontdimen 12\font
(fontspec)             =3.9767pt\relax \fontdimen 13\font =4.18419pt\relax
(fontspec)             \fontdimen 14\font =4.18419pt\relax \fontdimen 15\font
(fontspec)             =3.3312pt\relax \fontdimen 16\font =2.84709pt\relax
(fontspec)             \fontdimen 17\font =2.84709pt\relax \fontdimen 18\font
(fontspec)             =2.88167pt\relax \fontdimen 19\font =2.30533pt\relax
(fontspec)             \fontdimen 22\font =2.88167pt\relax \fontdimen 20\font
(fontspec)             =0pt\relax \fontdimen 21\font =0pt\relax }].
(fontspec)              
(fontspec)              This font family consists of the following NFSS
(fontspec)             series/shapes:
(fontspec)              
(fontspec)             - 'normal' (m/n) with NFSS spec.:
(fontspec)             <10.2->s*[0.9606510587013541]"[latinmodern-math.otf]/OT:
script=math;language=dflt;"<7.2-10.2>s*[0.9606510587013541]"[latinmodern-math.o
tf]/OT:script=math;language=dflt;+ssty=0;"<-7.2>s*[0.9606510587013541]"[latinmo
dern-math.otf]/OT:script=math;language=dflt;+ssty=1;"
(fontspec)             - 'small caps'  (m/sc) with NFSS spec.: 
(fontspec)             and font adjustment code:
(fontspec)             \fontdimen 8\font =7.80356pt\relax \fontdimen 9\font
(fontspec)             =4.5415pt\relax \fontdimen 10\font =5.11784pt\relax
(fontspec)             \fontdimen 11\font =7.9073pt\relax \fontdimen 12\font
(fontspec)             =3.9767pt\relax \fontdimen 13\font =4.18419pt\relax
(fontspec)             \fontdimen 14\font =4.18419pt\relax \fontdimen 15\font
(fontspec)             =3.3312pt\relax \fontdimen 16\font =2.84709pt\relax
(fontspec)             \fontdimen 17\font =2.84709pt\relax \fontdimen 18\font
(fontspec)             =2.88167pt\relax \fontdimen 19\font =2.30533pt\relax
(fontspec)             \fontdimen 22\font =2.88167pt\relax \fontdimen 20\font
(fontspec)             =0pt\relax \fontdimen 21\font =0pt\relax 
(fontspec)             - 'bold' (b/n) with NFSS spec.:
(fontspec)             <->s*[0.9606510587013541]"[latinmodern-math.otf]/OT:scri
pt=math;language=dflt;"
(fontspec)             - 'bold small caps'  (b/sc) with NFSS spec.: 
(fontspec)             and font adjustment code:
(fontspec)             \fontdimen 8\font =7.80356pt\relax \fontdimen 9\font
(fontspec)             =4.5415pt\relax \fontdimen 10\font =5.11784pt\relax
(fontspec)             \fontdimen 11\font =7.9073pt\relax \fontdimen 12\font
(fontspec)             =3.9767pt\relax \fontdimen 13\font =4.18419pt\relax
(fontspec)             \fontdimen 14\font =4.18419pt\relax \fontdimen 15\font
(fontspec)             =3.3312pt\relax \fontdimen 16\font =2.84709pt\relax
(fontspec)             \fontdimen 17\font =2.84709pt\relax \fontdimen 18\font
(fontspec)             =2.88167pt\relax \fontdimen 19\font =2.30533pt\relax
(fontspec)             \fontdimen 22\font =2.88167pt\relax \fontdimen 20\font
(fontspec)             =0pt\relax \fontdimen 21\font =0pt\relax 

LaTeX Font Info:    Encoding `OMS' has changed to `TU' for symbol font
(Font)              `symbols' in the math version `normal' on input line 107.
LaTeX Font Info:    Overwriting symbol font `symbols' in version `normal'
(Font)                  OMS/lmsy/m/n --> TU/latinmodern-math.otf(2)/m/n on inpu
t line 107.
LaTeX Font Info:    Encoding `OMS' has changed to `TU' for symbol font
(Font)              `symbols' in the math version `bold' on input line 107.
LaTeX Font Info:    Overwriting symbol font `symbols' in version `bold'
(Font)                  OMS/lmsy/b/n --> TU/latinmodern-math.otf(2)/b/n on inpu
t line 107.

Package fontspec Info: latinmodern-math scale = 0.960555003201034.


Package fontspec Info: latinmodern-math scale = 0.9604589477007139.


Package fontspec Info: latinmodern-math scale = 0.960555003201034.


Package fontspec Info: latinmodern-math scale = 0.9604589477007139.


Package fontspec Info: latinmodern-math scale = 0.960555003201034.


Package fontspec Info: latinmodern-math scale = 0.9604589477007139.


Package fontspec Info: latinmodern-math scale = 0.960555003201034.


Package fontspec Info: latinmodern-math scale = 0.9604589477007139.


Package fontspec Info: latinmodern-math scale = 0.960555003201034.


Package fontspec Info: latinmodern-math scale = 0.9604589477007139.


Package fontspec Info: Font family 'latinmodern-math.otf(3)' created for font
(fontspec)             'latinmodern-math.otf' with options
(fontspec)             [Scale=MatchLowercase,BoldItalicFont={},ItalicFont={},Sm
allCapsFont={},Script=Math,SizeFeatures={{Size=10.2-},{Size=7.2-10.2,Font=latin
modern-math.otf,Style=MathScript},{Size=-7.2,Font=latinmodern-math.otf,Style=Ma
thScriptScript}},BoldFont={latinmodern-math.otf},ScaleAgain=0.9999,FontAdjustme
nt={\fontdimen
(fontspec)             8\font =0.46106pt\relax \fontdimen 9\font
(fontspec)             =2.30533pt\relax \fontdimen 10\font =1.92496pt\relax
(fontspec)             \fontdimen 11\font =1.27946pt\relax \fontdimen 12\font
(fontspec)             =6.916pt\relax \fontdimen 13\font =0pt\relax }].
(fontspec)              
(fontspec)              This font family consists of the following NFSS
(fontspec)             series/shapes:
(fontspec)              
(fontspec)             - 'normal' (m/n) with NFSS spec.:
(fontspec)             <10.2->s*[0.9604589477007139]"[latinmodern-math.otf]/OT:
script=math;language=dflt;"<7.2-10.2>s*[0.9604589477007139]"[latinmodern-math.o
tf]/OT:script=math;language=dflt;+ssty=0;"<-7.2>s*[0.9604589477007139]"[latinmo
dern-math.otf]/OT:script=math;language=dflt;+ssty=1;"
(fontspec)             - 'small caps'  (m/sc) with NFSS spec.: 
(fontspec)             and font adjustment code:
(fontspec)             \fontdimen 8\font =0.46106pt\relax \fontdimen 9\font
(fontspec)             =2.30533pt\relax \fontdimen 10\font =1.92496pt\relax
(fontspec)             \fontdimen 11\font =1.27946pt\relax \fontdimen 12\font
(fontspec)             =6.916pt\relax \fontdimen 13\font =0pt\relax 
(fontspec)             - 'bold' (b/n) with NFSS spec.:
(fontspec)             <->s*[0.9604589477007139]"[latinmodern-math.otf]/OT:scri
pt=math;language=dflt;"
(fontspec)             - 'bold small caps'  (b/sc) with NFSS spec.: 
(fontspec)             and font adjustment code:
(fontspec)             \fontdimen 8\font =0.46106pt\relax \fontdimen 9\font
(fontspec)             =2.30533pt\relax \fontdimen 10\font =1.92496pt\relax
(fontspec)             \fontdimen 11\font =1.27946pt\relax \fontdimen 12\font
(fontspec)             =6.916pt\relax \fontdimen 13\font =0pt\relax 

LaTeX Font Info:    Encoding `OMX' has changed to `TU' for symbol font
(Font)              `largesymbols' in the math version `normal' on input line 1
07.
LaTeX Font Info:    Overwriting symbol font `largesymbols' in version `normal'
(Font)                  OMX/lmex/m/n --> TU/latinmodern-math.otf(3)/m/n on inpu
t line 107.
LaTeX Font Info:    Encoding `OMX' has changed to `TU' for symbol font
(Font)              `largesymbols' in the math version `bold' on input line 107
.
LaTeX Font Info:    Overwriting symbol font `largesymbols' in version `bold'
(Font)                  OMX/lmex/m/n --> TU/latinmodern-math.otf(3)/b/n on inpu
t line 107.
\AtBeginShipoutBox=\box68
Package hyperref Info: Link coloring ON on input line 107.

(d:/Users/Masumbuko.Semba/AppData/Roaming/TinyTeX/texmf-dist/tex/latex/hyperref
/nameref.sty
Package: nameref 2019/09/16 v2.46 Cross-referencing by name of section

(d:/Users/Masumbuko.Semba/AppData/Roaming/TinyTeX/texmf-dist/tex/latex/refcount
/refcount.sty
Package: refcount 2019/12/15 v3.6 Data extraction from label references (HO)
)
(d:/Users/Masumbuko.Semba/AppData/Roaming/TinyTeX/texmf-dist/tex/generic/gettit
lestring/gettitlestring.sty
Package: gettitlestring 2019/12/15 v1.6 Cleanup title references (HO)
)
\c@section@level=\count312
)
LaTeX Info: Redefining \ref on input line 107.
LaTeX Info: Redefining \pageref on input line 107.
LaTeX Info: Redefining \nameref on input line 107.
(./fmax.out) (./fmax.out)
\@outlinefile=\write3
\openout3 = `fmax.out'.

*geometry* driver: auto-detecting
*geometry* detected driver: xetex
*geometry* verbose mode - [ preamble ] result:
* driver: xetex
* paper: a4paper
* layout: <same size as paper>
* layoutoffset:(h,v)=(0.0pt,0.0pt)
* modes: 
* h-part:(L,W,R)=(113.81102pt, 412.56497pt, 71.13188pt)
* v-part:(T,H,B)=(113.81102pt, 660.10394pt, 71.13188pt)
* \paperwidth=597.50787pt
* \paperheight=845.04684pt
* \textwidth=412.56497pt
* \textheight=660.10394pt
* \oddsidemargin=41.54103pt
* \evensidemargin=41.54103pt
* \topmargin=4.54103pt
* \headheight=12.0pt
* \headsep=25.0pt
* \topskip=12.0pt
* \footskip=30.0pt
* \marginparwidth=35.0pt
* \marginparsep=10.0pt
* \columnsep=10.0pt
* \skip\footins=10.8pt plus 4.0pt minus 2.0pt
* \hoffset=0.0pt
* \voffset=0.0pt
* \mag=1000
* \@twocolumnfalse
* \@twosidefalse
* \@mparswitchfalse
* \@reversemarginfalse
* (1in=72.27pt=25.4mm, 1cm=28.453pt)

LaTeX Font Info:    Font shape `TU/AdobeCaslonPro(0)/m/n' will be
(Font)              scaled to size 20.74pt on input line 109.
LaTeX Font Info:    Font shape `TU/AdobeCaslonPro(0)/m/n' will be
(Font)              scaled to size 14.4pt on input line 109.
LaTeX Font Info:    Font shape `TU/latinmodern-math.otf(1)/m/n' will be
(Font)              scaled to size 13.832pt on input line 109.
LaTeX Font Info:    Font shape `TU/latinmodern-math.otf(1)/m/n' will be
(Font)              scaled to size 9.60556pt on input line 109.
LaTeX Font Info:    Font shape `TU/latinmodern-math.otf(1)/m/n' will be
(Font)              scaled to size 6.72389pt on input line 109.
LaTeX Font Info:    Trying to load font information for OML+lmm on input line 1
09.

(d:/Users/Masumbuko.Semba/AppData/Roaming/TinyTeX/texmf-dist/tex/latex/lm/omllm
m.fd
File: omllmm.fd 2009/10/30 v1.6 Font defs for Latin Modern
)
LaTeX Font Info:    Font shape `TU/latinmodern-math.otf(2)/m/n' will be
(Font)              scaled to size 13.83331pt on input line 109.
LaTeX Font Info:    Font shape `TU/latinmodern-math.otf(2)/m/n' will be
(Font)              scaled to size 9.60648pt on input line 109.
LaTeX Font Info:    Font shape `TU/latinmodern-math.otf(2)/m/n' will be
(Font)              scaled to size 6.72453pt on input line 109.
LaTeX Font Info:    Font shape `TU/latinmodern-math.otf(3)/m/n' will be
(Font)              scaled to size 13.83067pt on input line 109.
LaTeX Font Info:    Font shape `TU/latinmodern-math.otf(3)/m/n' will be
(Font)              scaled to size 9.60464pt on input line 109.
LaTeX Font Info:    Font shape `TU/latinmodern-math.otf(3)/m/n' will be
(Font)              scaled to size 6.72325pt on input line 109.
LaTeX Font Info:    Trying to load font information for U+msa on input line 109
.

(d:/Users/Masumbuko.Semba/AppData/Roaming/TinyTeX/texmf-dist/tex/latex/amsfonts
/umsa.fd
File: umsa.fd 2013/01/14 v3.01 AMS symbols A
)
LaTeX Font Info:    Trying to load font information for U+msb on input line 109
.

(d:/Users/Masumbuko.Semba/AppData/Roaming/TinyTeX/texmf-dist/tex/latex/amsfonts
/umsb.fd
File: umsb.fd 2013/01/14 v3.01 AMS symbols B
)
LaTeX Font Info:    Font shape `TU/AdobeCaslonPro(0)/m/n' will be
(Font)              scaled to size 10.0pt on input line 109.

Overfull \hbox (16.47237pt too wide) in paragraph at lines 109--109
 [] 
 []


Overfull \hbox (162.76195pt too wide) in paragraph at lines 109--109
 [] 
 []

LaTeX Font Info:    Font shape `TU/AdobeCaslonPro(0)/m/n' will be
(Font)              scaled to size 17.28pt on input line 112.
LaTeX Font Info:    Font shape `TU/AdobeCaslonPro(0)/b/n' will be
(Font)              scaled to size 17.28pt on input line 112.
(./fmax.toc
LaTeX Font Info:    Font shape `TU/AdobeCaslonPro(0)/b/n' will be
(Font)              scaled to size 12.0pt on input line 1.
LaTeX Font Info:    Font shape `TU/latinmodern-math.otf(1)/m/n' will be
(Font)              scaled to size 8.06866pt on input line 4.
LaTeX Font Info:    Font shape `TU/latinmodern-math.otf(1)/m/n' will be
(Font)              scaled to size 5.76334pt on input line 4.
LaTeX Font Info:    Font shape `TU/latinmodern-math.otf(2)/m/n' will be
(Font)              scaled to size 11.52777pt on input line 4.
LaTeX Font Info:    Font shape `TU/latinmodern-math.otf(2)/m/n' will be
(Font)              scaled to size 8.06943pt on input line 4.
LaTeX Font Info:    Font shape `TU/latinmodern-math.otf(2)/m/n' will be
(Font)              scaled to size 5.76389pt on input line 4.
LaTeX Font Info:    Font shape `TU/latinmodern-math.otf(3)/m/n' will be
(Font)              scaled to size 11.52557pt on input line 4.
LaTeX Font Info:    Font shape `TU/latinmodern-math.otf(3)/m/n' will be
(Font)              scaled to size 8.06789pt on input line 4.
LaTeX Font Info:    Font shape `TU/latinmodern-math.otf(3)/m/n' will be
(Font)              scaled to size 5.76279pt on input line 4.
)
\tf@toc=\write4
\openout4 = `fmax.toc'.

(./fmax.lot [1

])
\tf@lot=\write5
\openout5 = `fmax.lot'.

(./fmax.lof)
\tf@lof=\write6
\openout6 = `fmax.lof'.

[2]
LaTeX Font Info:    Font shape `TU/AdobeCaslonPro(0)/m/it' will be
(Font)              scaled to size 12.0pt on input line 123.
[3]
LaTeX Font Info:    Font shape `TU/AdobeCaslonPro(0)/m/n' will be
(Font)              scaled to size 8.4pt on input line 134.
[4] [5]
LaTeX Font Info:    Font shape `TU/AdobeCaslonPro(0)/b/n' will be
(Font)              scaled to size 14.4pt on input line 144.
File: fmax_files/figure-latex/map-1.pdf Graphic file (type pdf)
<use fmax_files/figure-latex/map-1.pdf>

LaTeX Warning: `h' float specifier changed to `ht'.

[6] [7] [8]
File: fmax_files/figure-latex/fpmax-1.pdf Graphic file (type pdf)
<use fmax_files/figure-latex/fpmax-1.pdf>

LaTeX Warning: `h' float specifier changed to `ht'.

[9] [10]
File: fmax_files/figure-latex/surface-scm-point-1.pdf Graphic file (type pdf)
<use fmax_files/figure-latex/surface-scm-point-1.pdf>
[11]
File: fmax_files/figure-latex/isofmax-1.pdf Graphic file (type pdf)
<use fmax_files/figure-latex/isofmax-1.pdf>
File: fmax_files/figure-latex/isosurface-1.pdf Graphic file (type pdf)
<use fmax_files/figure-latex/isosurface-1.pdf>

LaTeX Warning: `h' float specifier changed to `ht'.

[12] [13] [14] [15] [16] [17]
Package atveryend Info: Empty hook `BeforeClearDocument' on input line 379.
[18]
Package atveryend Info: Empty hook `AfterLastShipout' on input line 379.
(./fmax.aux)
Package atveryend Info: Empty hook `AtVeryEndDocument' on input line 379.
Package atveryend Info: Executing hook `AtEndAfterFileList' on input line 379.
Package rerunfilecheck Info: File `fmax.out' has not changed.
(rerunfilecheck)             Checksum: 582C66252C5EDE03AE930BC9E7CB8FB2;2511.
Package atveryend Info: Empty hook `AtVeryVeryEnd' on input line 379.
 ) 
Here is how much of TeX's memory you used:
 18814 strings out of 481276
 334489 string characters out of 5922610
 752479 words of memory out of 5000000
 36006 multiletter control sequences out of 15000+600000
 538969 words of font info for 88 fonts, out of 8000000 for 9000
 14 hyphenation exceptions out of 8191
 53i,11n,121p,2464b,372s stack positions out of 5000i,500n,10000p,200000b,80000s

Output written on fmax.pdf (18 pages).
